<?xml version="1.0" encoding="UTF-8"?>
<!-- Generated by org.testng.reporters.JUnitReportReporter -->
<testsuite hostname="DESKTOP-1R01KR8" failures="0" tests="1" name="tests.BannerBuzzTest" time="77.384" errors="0" timestamp="2025-10-29T03:24:37 IST" skipped="0">
  <testcase classname="tests.BannerBuzzTest" name="bannerBuzzFlow" time="77.384"/>
</testsuite> <!-- tests.BannerBuzzTest -->
